<?xml version="1.0" encoding="UTF-8"?>
<!-- Generated by org.testng.reporters.JUnitReportReporter -->
<testsuite hostname="Dheenathayalans-MacBook-Air.local" failures="1" tests="25" name="apiRunner.TestRunner" time="2.134" errors="5" timestamp="2024-11-21T19:53:24 EST" skipped="0">
  <testcase classname="apiRunner.TestRunner" name="runScenario" time="0.110"/>
  <system-out/>
  <testcase classname="apiRunner.TestRunner" name="runScenario" time="0.005">
    <error message="Required fields are not set." type="java.lang.IllegalStateException">
      <![CDATA[java.lang.IllegalStateException: Required fields are not set.
at httpRequest.PostRequest.buildRequest(PostRequest.java:19)
at stepDefinitions.class2Steps.admin_creates_other_request_and_sends_https_request_with_valid_endpoint_for_getClassRecordingsByBatchID(class2Steps.java:148)
at ✽.Admin creates Other Request and sends HTTPS Request with valid endpoint for getClassRecordingsByBatchID(file:///Users/mathumathibalakrishnan/eclipse/Mathumathi_2024/Team2_ChangeMakers_RestAssured/src/test/resources/features/class2.feature:47)
]]>
    </error>
  </testcase> <!-- runScenario -->
  <system-out/>
  <testcase classname="apiRunner.TestRunner" name="runScenario" time="0.092"/>
  <system-out/>
  <testcase classname="apiRunner.TestRunner" name="runScenario" time="0.104"/>
  <system-out/>
  <testcase classname="apiRunner.TestRunner" name="runScenario" time="0.091"/>
  <system-out/>
  <testcase classname="apiRunner.TestRunner" name="runScenario" time="0.091"/>
  <system-out/>
  <testcase classname="apiRunner.TestRunner" name="runScenario" time="0.093"/>
  <system-out/>
  <testcase classname="apiRunner.TestRunner" name="runScenario" time="0.096"/>
  <system-out/>
  <testcase classname="apiRunner.TestRunner" name="runScenario" time="0.015">
    <error message="Required fields are not set." type="java.lang.IllegalStateException">
      <![CDATA[java.lang.IllegalStateException: Required fields are not set.
at httpRequest.PostRequest.buildRequest(PostRequest.java:19)
at stepDefinitions.class2Steps.admin_creates_other_request_and_sends_https_request_with_valid_endpoint_for_getallrecordings(class2Steps.java:96)
at ✽.Admin creates Other Request and sends HTTPS Request with valid endpoint for getAllRecordings(file:///Users/mathumathibalakrishnan/eclipse/Mathumathi_2024/Team2_ChangeMakers_RestAssured/src/test/resources/features/class2.feature:21)
]]>
    </error>
  </testcase> <!-- runScenario -->
  <system-out/>
  <testcase classname="apiRunner.TestRunner" name="runScenario" time="0.110"/>
  <system-out/>
  <testcase classname="apiRunner.TestRunner" name="runScenario" time="0.101"/>
  <system-out/>
  <testcase classname="apiRunner.TestRunner" name="runScenario" time="0.187"/>
  <system-out/>
  <testcase classname="apiRunner.TestRunner" name="runScenario" time="0.097"/>
  <system-out/>
  <testcase classname="apiRunner.TestRunner" name="runScenario" time="0.107"/>
  <system-out/>
  <testcase classname="apiRunner.TestRunner" name="runScenario" time="0.108"/>
  <system-out/>
  <testcase classname="apiRunner.TestRunner" name="runScenario" time="0.082"/>
  <system-out/>
  <testcase classname="apiRunner.TestRunner" name="runScenario" time="0.078"/>
  <system-out/>
  <testcase classname="apiRunner.TestRunner" name="runScenario" time="0.135"/>
  <system-out/>
  <testcase classname="apiRunner.TestRunner" name="runScenario" time="0.104"/>
  <system-out/>
  <testcase classname="apiRunner.TestRunner" name="runScenario" time="0.011">
    <error message="Required fields are not set." type="java.lang.IllegalStateException">
      <![CDATA[java.lang.IllegalStateException: Required fields are not set.
at httpRequest.PostRequest.buildRequest(PostRequest.java:19)
at stepDefinitions.class2Steps.admin_creates_other_request_and_sends_https_request_with_valid_endpoint_for_getClassRecordingsByClassID(class2Steps.java:198)
at ✽.Admin creates Other Request and sends HTTPS Request with valid endpoint for getClassRecordingsByClassID(file:///Users/mathumathibalakrishnan/eclipse/Mathumathi_2024/Team2_ChangeMakers_RestAssured/src/test/resources/features/class2.feature:73)
]]>
    </error>
  </testcase> <!-- runScenario -->
  <system-out/>
  <testcase classname="apiRunner.TestRunner" name="runScenario" time="0.098"/>
  <system-out/>
  <testcase classname="apiRunner.TestRunner" name="runScenario" time="0.093"/>
  <system-out/>
  <testcase classname="apiRunner.TestRunner" name="runScenario" time="0.004">
    <error message="Required fields are not set." type="java.lang.IllegalStateException">
      <![CDATA[java.lang.IllegalStateException: Required fields are not set.
at httpRequest.PostRequest.buildRequest(PostRequest.java:19)
at stepDefinitions.class2Steps.admin_creates_other_request_and_sends_https_request_with_valid_endpoint_for_getClassRecordingsByClassID2(class2Steps.java:246)
at ✽.Admin creates Other Request and sends HTTPS Request with valid endpoint for getClassRecordingsByClassID2(file:///Users/mathumathibalakrishnan/eclipse/Mathumathi_2024/Team2_ChangeMakers_RestAssured/src/test/resources/features/class2.feature:99)
]]>
    </error>
  </testcase> <!-- runScenario -->
  <system-out/>
  <testcase classname="apiRunner.TestRunner" name="runScenario" time="0.117">
    <failure message="expected [404] but found [200]" type="java.lang.AssertionError">
      <![CDATA[java.lang.AssertionError: expected [404] but found [200]
at org.testng.Assert.fail(Assert.java:99)
at org.testng.Assert.failNotEquals(Assert.java:1037)
at org.testng.Assert.assertEqualsImpl(Assert.java:140)
at org.testng.Assert.assertEquals(Assert.java:122)
at org.testng.Assert.assertEquals(Assert.java:907)
at org.testng.Assert.assertEquals(Assert.java:917)
at generics.ApiUtils.validateStatusCode(ApiUtils.java:27)
at stepDefinitions.class2Steps.admin_receives_status_for_getUpcomingClasses(class2Steps.java:316)
at ✽.Admin receives 404 "Not Found" Status for getUpcomingClasses(file:///Users/mathumathibalakrishnan/eclipse/Mathumathi_2024/Team2_ChangeMakers_RestAssured/src/test/resources/features/class2.feature:116)
]]>
    </failure>
  </testcase> <!-- runScenario -->
  <system-out/>
  <testcase classname="apiRunner.TestRunner" name="runScenario" time="0.005">
    <error message="Required fields are not set." type="java.lang.IllegalStateException">
      <![CDATA[java.lang.IllegalStateException: Required fields are not set.
at httpRequest.PostRequest.buildRequest(PostRequest.java:19)
at stepDefinitions.class2Steps.admin_creates_other_request_and_sends_https_request_with_valid_endpoint_for_getUpcomingClasses(class2Steps.java:300)
at ✽.Admin creates Other Request and sends HTTPS Request with valid endpoint for getUpcomingClasses(file:///Users/mathumathibalakrishnan/eclipse/Mathumathi_2024/Team2_ChangeMakers_RestAssured/src/test/resources/features/class2.feature:125)
]]>
    </error>
  </testcase> <!-- runScenario -->
  <system-out/>
</testsuite> <!-- apiRunner.TestRunner -->
