<?xml version="1.0" encoding="UTF-8"?>
<!-- Generated by org.testng.reporters.JUnitReportReporter -->
<testsuite hostname="Dheenathayalans-MacBook-Air.local" failures="0" tests="1" name="apiRunner.TestRunner" time="0.214" errors="0" timestamp="2024-11-21T07:32:45 EST" skipped="0">
  <testcase classname="apiRunner.TestRunner" name="runScenario" time="0.214"/>
  <system-out/>
</testsuite> <!-- apiRunner.TestRunner -->
