<?xml version="1.0" encoding="UTF-8"?>
<!-- Generated by org.testng.reporters.JUnitReportReporter -->
<testsuite hostname="Dheenathayalans-MacBook-Air.local" failures="1" tests="25" name="apiRunner.TestRunner" time="2.673" errors="0" timestamp="2024-11-21T21:12:02 EST" skipped="0">
  <testcase classname="apiRunner.TestRunner" name="runScenario" time="0.113"/>
  <system-out/>
  <testcase classname="apiRunner.TestRunner" name="runScenario" time="0.102"/>
  <system-out/>
  <testcase classname="apiRunner.TestRunner" name="runScenario" time="0.101"/>
  <system-out/>
  <testcase classname="apiRunner.TestRunner" name="runScenario" time="0.103"/>
  <system-out/>
  <testcase classname="apiRunner.TestRunner" name="runScenario" time="0.087"/>
  <system-out/>
  <testcase classname="apiRunner.TestRunner" name="runScenario" time="0.109"/>
  <system-out/>
  <testcase classname="apiRunner.TestRunner" name="runScenario" time="0.112"/>
  <system-out/>
  <testcase classname="apiRunner.TestRunner" name="runScenario" time="0.087">
    <failure message="expected [404] but found [200]" type="java.lang.AssertionError">
      <![CDATA[java.lang.AssertionError: expected [404] but found [200]
at org.testng.Assert.fail(Assert.java:99)
at org.testng.Assert.failNotEquals(Assert.java:1037)
at org.testng.Assert.assertEqualsImpl(Assert.java:140)
at org.testng.Assert.assertEquals(Assert.java:122)
at org.testng.Assert.assertEquals(Assert.java:907)
at org.testng.Assert.assertEquals(Assert.java:917)
at generics.ApiUtils.validateStatusCode(ApiUtils.java:27)
at stepDefinitions.class2Steps.admin_receives_status_for_getUpcomingClasses(class2Steps.java:313)
at âœ½.Admin receives 404 "Not Found" Status for getUpcomingClasses(file:///Users/mathumathibalakrishnan/eclipse/Mathumathi_2024/Team2_ChangeMakers_RestAssured/src/test/resources/features/class2.feature:116)
]]>
    </failure>
  </testcase> <!-- runScenario -->
  <system-out/>
  <testcase classname="apiRunner.TestRunner" name="runScenario" time="0.157"/>
  <system-out/>
  <testcase classname="apiRunner.TestRunner" name="runScenario" time="0.094"/>
  <system-out/>
  <testcase classname="apiRunner.TestRunner" name="runScenario" time="0.091"/>
  <system-out/>
  <testcase classname="apiRunner.TestRunner" name="runScenario" time="0.093"/>
  <system-out/>
  <testcase classname="apiRunner.TestRunner" name="runScenario" time="0.095"/>
  <system-out/>
  <testcase classname="apiRunner.TestRunner" name="runScenario" time="0.103"/>
  <system-out/>
  <testcase classname="apiRunner.TestRunner" name="runScenario" time="0.121"/>
  <system-out/>
  <testcase classname="apiRunner.TestRunner" name="runScenario" time="0.098"/>
  <system-out/>
  <testcase classname="apiRunner.TestRunner" name="runScenario" time="0.086"/>
  <system-out/>
  <testcase classname="apiRunner.TestRunner" name="runScenario" time="0.089"/>
  <system-out/>
  <testcase classname="apiRunner.TestRunner" name="runScenario" time="0.095"/>
  <system-out/>
  <testcase classname="apiRunner.TestRunner" name="runScenario" time="0.107"/>
  <system-out/>
  <testcase classname="apiRunner.TestRunner" name="runScenario" time="0.194"/>
  <system-out/>
  <testcase classname="apiRunner.TestRunner" name="runScenario" time="0.135"/>
  <system-out/>
  <testcase classname="apiRunner.TestRunner" name="runScenario" time="0.102"/>
  <system-out/>
  <testcase classname="apiRunner.TestRunner" name="runScenario" time="0.093"/>
  <system-out/>
  <testcase classname="apiRunner.TestRunner" name="runScenario" time="0.106"/>
  <system-out/>
</testsuite> <!-- apiRunner.TestRunner -->
