<?xml version="1.0" encoding="UTF-8"?>
<!-- Generated by org.testng.reporters.JUnitReportReporter -->
<testsuite hostname="Shivanis-MacBook-Air.local" failures="0" tests="2" name="apiRunner.TestRunner" time="1.131" errors="0" timestamp="2024-11-25T11:04:06 PST" skipped="0">
  <testcase classname="apiRunner.TestRunner" name="runScenario" time="0.446"/>
  <testcase classname="apiRunner.TestRunner" name="runScenario" time="0.685"/>
</testsuite> <!-- apiRunner.TestRunner -->
