<?xml version="1.0" encoding="UTF-8"?>
<!-- Generated by org.testng.reporters.JUnitReportReporter -->
<testsuite hostname="supriya" failures="0" tests="3" name="apiRunner.TestRunner" time="0.920" errors="0" timestamp="2024-11-22T17:55:20 EST" skipped="0">
  <testcase classname="apiRunner.TestRunner" name="runScenario" time="0.787"/>
  <testcase classname="apiRunner.TestRunner" name="runScenario" time="0.077"/>
  <testcase classname="apiRunner.TestRunner" name="runScenario" time="0.056"/>
</testsuite> <!-- apiRunner.TestRunner -->
